[debug] [2021-03-21T20:35:37.455Z] ----------------------------------------------------------------------
[debug] [2021-03-21T20:35:37.458Z] Command:       C:\Program Files\nodejs\node.exe C:\Users\Lenovo\AppData\Roaming\npm\node_modules\firebase-tools\lib\bin\firebase.js init hosting
[debug] [2021-03-21T20:35:37.459Z] CLI Version:   9.6.1
[debug] [2021-03-21T20:35:37.459Z] Platform:      win32
[debug] [2021-03-21T20:35:37.460Z] Node Version:  v12.15.0
[debug] [2021-03-21T20:35:37.461Z] Time:          Sun Mar 21 2021 21:35:37 GMT+0100 (Central European Standard Time)
[debug] [2021-03-21T20:35:37.461Z] ----------------------------------------------------------------------
[debug] [2021-03-21T20:35:37.462Z] 
[debug] [2021-03-21T20:35:37.465Z] >>> [apiv2][query] GET https://firebase-public.firebaseio.com/cli.json [none]
[debug] [2021-03-21T20:35:37.492Z] > command requires scopes: ["email","openid","https://www.googleapis.com/auth/cloudplatformprojects.readonly","https://www.googleapis.com/auth/firebase","https://www.googleapis.com/auth/cloud-platform"]
[debug] [2021-03-21T20:35:37.493Z] > authorizing via signed-in user
[info] 
     ######## #### ########  ######## ########     ###     ######  ########
     ##        ##  ##     ## ##       ##     ##  ##   ##  ##       ##
     ######    ##  ########  ######   ########  #########  ######  ######
     ##        ##  ##    ##  ##       ##     ## ##     ##       ## ##
     ##       #### ##     ## ######## ########  ##     ##  ######  ########

You're about to initialize a Firebase project in this directory:

  C:\Users\Lenovo\Documents\gyra

Before we get started, keep in mind:

  * You are initializing in an existing Firebase project directory

[debug] [2021-03-21T20:35:38.195Z] <<< [apiv2][status] GET https://firebase-public.firebaseio.com/cli.json 200
[debug] [2021-03-21T20:35:38.196Z] <<< [apiv2][body] GET https://firebase-public.firebaseio.com/cli.json {"cloudBuildErrorAfter":1594252800000,"cloudBuildWarnAfter":1590019200000,"defaultNode10After":1594252800000,"minVersion":"3.0.5","node8DeploysDisabledAfter":1613390400000,"node8RuntimeDisabledAfter":1615809600000,"node8WarnAfter":1600128000000}
[info] 
=== Project Setup
[info] 
[info] First, let's associate this project directory with a Firebase project.
[info] You can create multiple project aliases by running firebase use --add, 
[info] but for now we'll just set up a default project.
[info] 
[info] i  .firebaserc already has a default project, using gyra-for-scavenger. 
[debug] [2021-03-21T20:35:42.659Z] > refreshing access token with scopes: []
[debug] [2021-03-21T20:35:42.660Z] >>> HTTP REQUEST POST https://www.googleapis.com/oauth2/v3/token  
 <request body omitted>
[debug] [2021-03-21T20:35:42.985Z] <<< HTTP RESPONSE 200 {"date":"Sun, 21 Mar 2021 20:35:43 GMT","expires":"Mon, 01 Jan 1990 00:00:00 GMT","cache-control":"no-cache, no-store, max-age=0, must-revalidate","pragma":"no-cache","content-type":"application/json; charset=utf-8","vary":"X-Origin, Referer, Origin,Accept-Encoding","server":"scaffolding on HTTPServer2","x-xss-protection":"0","x-frame-options":"SAMEORIGIN","x-content-type-options":"nosniff","alt-svc":"h3-29=\":443\"; ma=2592000,h3-T051=\":443\"; ma=2592000,h3-Q050=\":443\"; ma=2592000,h3-Q046=\":443\"; ma=2592000,h3-Q043=\":443\"; ma=2592000,quic=\":443\"; ma=2592000; v=\"46,43\"","accept-ranges":"none","transfer-encoding":"chunked"}
[debug] [2021-03-21T20:35:43.002Z] >>> [apiv2][query] GET https://firebase.googleapis.com/v1beta1/projects/gyra-for-scavenger [none]
[debug] [2021-03-21T20:35:43.409Z] <<< [apiv2][status] GET https://firebase.googleapis.com/v1beta1/projects/gyra-for-scavenger 200
[debug] [2021-03-21T20:35:43.410Z] <<< [apiv2][body] GET https://firebase.googleapis.com/v1beta1/projects/gyra-for-scavenger {"projectId":"gyra-for-scavenger","projectNumber":"156912675573","displayName":"gyra-for-scavenger","name":"projects/gyra-for-scavenger","resources":{"hostingSite":"gyra-for-scavenger","realtimeDatabaseInstance":"gyra-for-scavenger"},"state":"ACTIVE"}
[info] 
=== Hosting Setup
[info] 
[info] Your public directory is the folder (relative to your project directory) that
[info] will contain Hosting assets to be uploaded with firebase deploy. If you
[info] have a build process for your assets, use your build's output directory.
[info] 
[info] +  Wrote public/404.html 
[debug] [2021-03-21T20:36:06.322Z] >>> [apiv2][query] GET https://www.gstatic.com/firebasejs/releases.json [none]
[debug] [2021-03-21T20:36:06.582Z] <<< [apiv2][status] GET https://www.gstatic.com/firebasejs/releases.json 200
[debug] [2021-03-21T20:36:06.583Z] <<< [apiv2][body] GET https://www.gstatic.com/firebasejs/releases.json {"current":{"version":"8.3.1","browserURL":"https://www.gstatic.com/firebasejs/8.3.1/firebase.js","packageURL":"https://www.gstatic.com/firebasejs/8.3.1/firebase.tgz"},"live":{"version":"8.3","browserURL":"https://www.gstatic.com/firebasejs/live/8.3/firebase.js","packageURL":"https://www.gstatic.com/firebasejs/live/8.3/firebase.tgz"},"components":{"analytics":"https://www.gstatic.com/firebasejs/8.3.1/firebase-analytics.js","app":"https://www.gstatic.com/firebasejs/8.3.1/firebase-app.js","auth":"https://www.gstatic.com/firebasejs/8.3.1/firebase-auth.js","database":"https://www.gstatic.com/firebasejs/8.3.1/firebase-database.js","firestore":"https://www.gstatic.com/firebasejs/8.3.1/firebase-firestore.js","functions":"https://www.gstatic.com/firebasejs/8.3.1/firebase-functions.js","installations":"https://www.gstatic.com/firebasejs/8.3.1/firebase-installations.js","messaging":"https://www.gstatic.com/firebasejs/8.3.1/firebase-messaging.js","storage":"https://www.gstatic.com/firebasejs/8.3.1/firebase-storage.js","performance":"https://www.gstatic.com/firebasejs/8.3.1/firebase-performance.js","remote-config":"https://www.gstatic.com/firebasejs/8.3.1/firebase-remote-config.js","firestore.memory":"https://www.gstatic.com/firebasejs/8.3.1/firebase-firestore.memory.js"}}
[info] +  Wrote public/index.html 
[info] 
[info] i  Detected a .git folder at C:\Users\Lenovo\Documents\gyra 
[info] i  Authorizing with GitHub to upload your service account to a GitHub repository's secrets store. 
[info] 
[info] Visit this URL on this device to log in:
[info] https://github.com/login/oauth/authorize?client_id=89cf50f02ac6aaed3484&state=739794514&redirect_uri=http%3A%2F%2Flocalhost%3A9005&scope=read%3Auser%20repo%20public_repo
[info] 
[info] Waiting for authentication...
[debug] [2021-03-21T20:36:12.283Z] >>> HTTP REQUEST POST https://github.com/login/oauth/access_token  
 {"client_id":"89cf50f02ac6aaed3484","client_secret":"3330d14abc895d9a74d5f17cd7a00711fa2c5bf0","code":"5def051b5a0000052a92","redirect_uri":"http://localhost:9005","state":"739794514"}
[debug] [2021-03-21T20:36:12.579Z] <<< HTTP RESPONSE 200 {"server":"GitHub.com","date":"Sun, 21 Mar 2021 20:36:12 GMT","content-type":"application/json; charset=utf-8","transfer-encoding":"chunked","vary":"X-PJAX, Accept-Encoding, Accept, X-Requested-With","etag":"W/\"ff07c2f98fff683996565e5b6419d6f4\"","cache-control":"max-age=0, private, must-revalidate","strict-transport-security":"max-age=31536000; includeSubdomains; preload","x-frame-options":"deny","x-content-type-options":"nosniff","x-xss-protection":"0","referrer-policy":"origin-when-cross-origin, strict-origin-when-cross-origin","expect-ct":"max-age=2592000, report-uri=\"https://api.github.com/_private/browser/errors\"","content-security-policy":"default-src 'none'; base-uri 'self'; block-all-mixed-content; connect-src 'self' uploads.github.com www.githubstatus.com collector.githubapp.com api.github.com github-cloud.s3.amazonaws.com github-production-repository-file-5c1aeb.s3.amazonaws.com github-production-upload-manifest-file-7fdce7.s3.amazonaws.com github-production-user-asset-6210df.s3.amazonaws.com cdn.optimizely.com logx.optimizely.com/v1/events wss://alive.github.com; font-src github.githubassets.com; form-action 'self' github.com gist.github.com; frame-ancestors 'none'; frame-src render.githubusercontent.com; img-src 'self' data: github.githubassets.com identicons.github.com collector.githubapp.com github-cloud.s3.amazonaws.com secured-user-images.githubusercontent.com/ *.githubusercontent.com; manifest-src 'self'; media-src 'none'; script-src github.githubassets.com; style-src 'unsafe-inline' github.githubassets.com; worker-src github.com/socket-worker-6832eced.js gist.github.com/socket-worker-6832eced.js","x-github-request-id":"1744:B7D1:20E5C87:2372125:6057AE3C"}
[debug] [2021-03-21T20:36:12.605Z] >>> [apiv2][query] GET https://api.github.com/user [none]
[debug] [2021-03-21T20:36:12.980Z] <<< [apiv2][status] GET https://api.github.com/user 200
[debug] [2021-03-21T20:36:12.980Z] <<< [apiv2][body] GET https://api.github.com/user {"login":"feyd27","id":39087597,"node_id":"MDQ6VXNlcjM5MDg3NTk3","avatar_url":"https://avatars.githubusercontent.com/u/39087597?v=4","gravatar_id":"","url":"https://api.github.com/users/feyd27","html_url":"https://github.com/feyd27","followers_url":"https://api.github.com/users/feyd27/followers","following_url":"https://api.github.com/users/feyd27/following{/other_user}","gists_url":"https://api.github.com/users/feyd27/gists{/gist_id}","starred_url":"https://api.github.com/users/feyd27/starred{/owner}{/repo}","subscriptions_url":"https://api.github.com/users/feyd27/subscriptions","organizations_url":"https://api.github.com/users/feyd27/orgs","repos_url":"https://api.github.com/users/feyd27/repos","events_url":"https://api.github.com/users/feyd27/events{/privacy}","received_events_url":"https://api.github.com/users/feyd27/received_events","type":"User","site_admin":false,"name":"feyd27","company":null,"blog":"","location":null,"email":null,"hireable":null,"bio":"fear is the mind-killer","twitter_username":null,"public_repos":4,"public_gists":0,"followers":6,"following":0,"created_at":"2018-05-08T11:21:04Z","updated_at":"2021-03-20T20:42:53Z","private_gists":0,"total_private_repos":3,"owned_private_repos":2,"disk_usage":2261,"collaborators":2,"two_factor_authentication":false,"plan":{"name":"pro","space":976562499,"collaborators":0,"private_repos":9999}}
[info] 
[info] +  Success! Logged into GitHub as feyd27 
[info] 
